<?xml version="1.0" encoding="UTF-8"?>
<!-- Generated by org.testng.reporters.JUnitReportReporter -->
<testsuite hostname="Wilfy_Ausus" failures="0" tests="3" name="TestCases.HeaderSelectionTest" time="35.234" errors="0" timestamp="2025-03-31T13:44:34 IST" skipped="0">
  <testcase classname="TestCases.HeaderSelectionTest" name="validateGetStarted" time="10.202"/>
  <system-out/>
  <testcase classname="TestCases.HeaderSelectionTest" name="getHeader" time="24.278"/>
  <system-out/>
  <testcase classname="TestCases.HeaderSelectionTest" name="getFooter" time="0.754"/>
  <system-out/>
</testsuite> <!-- TestCases.HeaderSelectionTest -->
