<?xml version="1.0" encoding="UTF-8"?>
<!-- Generated by org.testng.reporters.JUnitReportReporter -->
<testsuite hostname="Wilfy_Ausus" failures="0" tests="1" name="Utilities.AppiumServer" time="20.502" errors="1" timestamp="2025-03-11T10:46:28 IST" skipped="0">
  <testcase classname="Utilities.AppiumServer" name="start" time="20.502">
    <error message="Appium HTTP server is not listening at http://0.0.0.0:4723/ after 20000 ms timeout. Consider increasing the server startup timeout value and check the server log for possible error messages occurrences.
Node.js executable path: C:\Program Files\nodejs\node.exe
Arguments: [C:\Users\wilfr\.appium\node_modules\appium-uiautomator2-driver\build\index.js, --port, 4723, --address, 0.0.0.0, --log, D:\AppiumWorkouts\MyAppiumProject\src\test\resources\logs\log.txt, --local-timezone]
Server log: Error: Cannot find module &#039;appium/driver&#039;
Require stack:
- C:\Users\wilfr\.appium\node_modules\appium-uiautomator2-driver\node_modules\appium-android-driver\build\lib\driver.js
- C:\Users\wilfr\.appium\node_modules\appium-uiautomator2-driver\node_modules\appium-android-driver\build\lib\index.js
- C:\Users\wilfr\.appium\node_modules\appium-uiautomator2-driver\build\lib\driver.js
- C:\Users\wilfr\.appium\node_modules\appium-uiautomator2-driver\build\index.js
    at Function.Module._resolveFilename (node:internal/modules/cjs/loader:1225:15)
    at Function.Module._load (node:internal/modules/cjs/loader:1051:27)
    at Module.require (node:internal/modules/cjs/loader:1311:19)
    at require (node:internal/modules/helpers:179:18)
    at Object.&lt;anonymous&gt; (C:\Users\wilfr\.appium\node_modules\appium-uiautomator2-driver\node_modules\appium-android-driver\lib\driver.ts:14:1)
    at Module._compile (node:internal/modules/cjs/loader:1469:14)
    at Object.Module._extensions..js (node:internal/modules/cjs/loader:1548:10)
    at Module.load (node:internal/modules/cjs/loader:1288:32)
    at Function.Module._load (node:internal/modules/cjs/loader:1104:12)
    at Module.require (node:internal/modules/cjs/loader:1311:19)
    at require (node:internal/modules/helpers:179:18)
    at Object.&lt;anonymous&gt; (C:\Users\wilfr\.appium\node_modules\appium-uiautomator2-driver\node_modules\appium-android-driver\lib\index.ts:4:1)
    at Module._compile (node:internal/modules/cjs/loader:1469:14)
    at Object.Module._extensions..js (node:internal/modules/cjs/loader:1548:10)
    at Module.load (node:internal/modules/cjs/loader:1288:32)
    at Function.Module._load (node:internal/modules/cjs/loader:1104:12)
" type="io.appium.java_client.service.local.AppiumServerHasNotBeenStartedLocallyException">
      <![CDATA[io.appium.java_client.service.local.AppiumServerHasNotBeenStartedLocallyException: Appium HTTP server is not listening at http://0.0.0.0:4723/ after 20000 ms timeout. Consider increasing the server startup timeout value and check the server log for possible error messages occurrences.
Node.js executable path: C:\Program Files\nodejs\node.exe
Arguments: [C:\Users\wilfr\.appium\node_modules\appium-uiautomator2-driver\build\index.js, --port, 4723, --address, 0.0.0.0, --log, D:\AppiumWorkouts\MyAppiumProject\src\test\resources\logs\log.txt, --local-timezone]
Server log: Error: Cannot find module 'appium/driver'
Require stack:
- C:\Users\wilfr\.appium\node_modules\appium-uiautomator2-driver\node_modules\appium-android-driver\build\lib\driver.js
- C:\Users\wilfr\.appium\node_modules\appium-uiautomator2-driver\node_modules\appium-android-driver\build\lib\index.js
- C:\Users\wilfr\.appium\node_modules\appium-uiautomator2-driver\build\lib\driver.js
- C:\Users\wilfr\.appium\node_modules\appium-uiautomator2-driver\build\index.js
    at Function.Module._resolveFilename (node:internal/modules/cjs/loader:1225:15)
    at Function.Module._load (node:internal/modules/cjs/loader:1051:27)
    at Module.require (node:internal/modules/cjs/loader:1311:19)
    at require (node:internal/modules/helpers:179:18)
    at Object.<anonymous> (C:\Users\wilfr\.appium\node_modules\appium-uiautomator2-driver\node_modules\appium-android-driver\lib\driver.ts:14:1)
    at Module._compile (node:internal/modules/cjs/loader:1469:14)
    at Object.Module._extensions..js (node:internal/modules/cjs/loader:1548:10)
    at Module.load (node:internal/modules/cjs/loader:1288:32)
    at Function.Module._load (node:internal/modules/cjs/loader:1104:12)
    at Module.require (node:internal/modules/cjs/loader:1311:19)
    at require (node:internal/modules/helpers:179:18)
    at Object.<anonymous> (C:\Users\wilfr\.appium\node_modules\appium-uiautomator2-driver\node_modules\appium-android-driver\lib\index.ts:4:1)
    at Module._compile (node:internal/modules/cjs/loader:1469:14)
    at Object.Module._extensions..js (node:internal/modules/cjs/loader:1548:10)
    at Module.load (node:internal/modules/cjs/loader:1288:32)
    at Function.Module._load (node:internal/modules/cjs/loader:1104:12)

at io.appium.java_client.service.local.AppiumDriverLocalService.start(AppiumDriverLocalService.java:192)
at Utilities.AppiumServer.start(AppiumServer.java:25)
at java.base/jdk.internal.reflect.DirectMethodHandleAccessor.invoke(DirectMethodHandleAccessor.java:104)
at java.base/java.lang.reflect.Method.invoke(Method.java:578)
at org.testng.internal.invokers.MethodInvocationHelper.invokeMethod(MethodInvocationHelper.java:139)
at org.testng.internal.invokers.TestInvoker.invokeMethod(TestInvoker.java:664)
at org.testng.internal.invokers.TestInvoker.invokeTestMethod(TestInvoker.java:228)
at org.testng.internal.invokers.MethodRunner.runInSequence(MethodRunner.java:63)
at org.testng.internal.invokers.TestInvoker$MethodInvocationAgent.invoke(TestInvoker.java:961)
at org.testng.internal.invokers.TestInvoker.invokeTestMethods(TestInvoker.java:201)
at org.testng.internal.invokers.TestMethodWorker.invokeTestMethods(TestMethodWorker.java:148)
at org.testng.internal.invokers.TestMethodWorker.run(TestMethodWorker.java:128)
at java.base/java.util.ArrayList.forEach(ArrayList.java:1511)
at org.testng.TestRunner.privateRun(TestRunner.java:819)
at org.testng.TestRunner.run(TestRunner.java:619)
at org.testng.SuiteRunner.runTest(SuiteRunner.java:443)
at org.testng.SuiteRunner.runSequentially(SuiteRunner.java:437)
at org.testng.SuiteRunner.privateRun(SuiteRunner.java:397)
at org.testng.SuiteRunner.run(SuiteRunner.java:336)
at org.testng.SuiteRunnerWorker.runSuite(SuiteRunnerWorker.java:52)
at org.testng.SuiteRunnerWorker.run(SuiteRunnerWorker.java:95)
at org.testng.TestNG.runSuitesSequentially(TestNG.java:1301)
at org.testng.TestNG.runSuitesLocally(TestNG.java:1228)
at org.testng.TestNG.runSuites(TestNG.java:1134)
at org.testng.TestNG.run(TestNG.java:1101)
at org.testng.remote.AbstractRemoteTestNG.run(AbstractRemoteTestNG.java:115)
at org.testng.remote.RemoteTestNG.initAndRun(RemoteTestNG.java:293)
at org.testng.remote.RemoteTestNG.main(RemoteTestNG.java:91)
Caused by: io.appium.java_client.service.local.AppiumServerAvailabilityChecker$ConnectionTimeout: ConnectionTimeout
at io.appium.java_client.service.local.AppiumServerAvailabilityChecker.waitUntilAvailable(AppiumServerAvailabilityChecker.java:72)
at io.appium.java_client.service.local.AppiumDriverLocalService.ping(AppiumDriverLocalService.java:144)
at io.appium.java_client.service.local.AppiumDriverLocalService.start(AppiumDriverLocalService.java:185)
... 27 more
Caused by: java.net.ConnectException: Connection refused: no further information
at java.base/sun.nio.ch.Net.pollConnect(Native Method)
at java.base/sun.nio.ch.Net.pollConnectNow(Net.java:673)
at java.base/sun.nio.ch.NioSocketImpl.timedFinishConnect(NioSocketImpl.java:540)
at java.base/sun.nio.ch.NioSocketImpl.connect(NioSocketImpl.java:590)
at java.base/java.net.Socket.connect(Socket.java:666)
at java.base/sun.net.NetworkClient.doConnect(NetworkClient.java:178)
at java.base/sun.net.www.http.HttpClient.openServer(HttpClient.java:532)
at java.base/sun.net.www.http.HttpClient.openServer(HttpClient.java:637)
at java.base/sun.net.www.http.HttpClient.<init>(HttpClient.java:280)
at java.base/sun.net.www.http.HttpClient.New(HttpClient.java:385)
at java.base/sun.net.www.http.HttpClient.New(HttpClient.java:407)
at java.base/sun.net.www.protocol.http.HttpURLConnection.getNewHttpClient(HttpURLConnection.java:1308)
at java.base/sun.net.www.protocol.http.HttpURLConnection.plainConnect0(HttpURLConnection.java:1241)
at java.base/sun.net.www.protocol.http.HttpURLConnection.plainConnect(HttpURLConnection.java:1127)
at java.base/sun.net.www.protocol.http.HttpURLConnection.connect(HttpURLConnection.java:1056)
at io.appium.java_client.service.local.AppiumServerAvailabilityChecker.connectToUrl(AppiumServerAvailabilityChecker.java:79)
at io.appium.java_client.service.local.AppiumServerAvailabilityChecker.waitUntilAvailable(AppiumServerAvailabilityChecker.java:61)
... 29 more
]]>
    </error>
  </testcase> <!-- start -->
</testsuite> <!-- Utilities.AppiumServer -->
