<?xml version="1.0" encoding="UTF-8"?>
<!-- Generated by org.testng.reporters.JUnitReportReporter -->
<testsuite hostname="Wilfy_Ausus" failures="0" tests="3" name="TestCases.FlipBoardLoginTest" time="9.090" errors="0" timestamp="2025-03-31T13:44:34 IST" skipped="0">
  <testcase classname="TestCases.FlipBoardLoginTest" name="validateGetStarted" time="0.285"/>
  <system-out/>
  <testcase classname="TestCases.FlipBoardLoginTest" name="chooseTopic" time="5.954"/>
  <system-out/>
  <testcase classname="TestCases.FlipBoardLoginTest" name="skippingNow" time="2.851"/>
  <system-out/>
</testsuite> <!-- TestCases.FlipBoardLoginTest -->
