<?xml version="1.0" encoding="UTF-8"?>
<!-- Generated by org.testng.reporters.JUnitReportReporter -->
<testsuite hostname="Wilfy_Ausus" failures="0" tests="3" name="TestCases.HeaderSelectionTest" time="34.153" errors="0" timestamp="2025-03-31T20:28:06 IST" skipped="0">
  <testcase classname="TestCases.HeaderSelectionTest" name="validateGetStarted" time="8.426"/>
  <testcase classname="TestCases.HeaderSelectionTest" name="getHeader" time="24.278"/>
  <testcase classname="TestCases.HeaderSelectionTest" name="getFooter" time="1.449"/>
</testsuite> <!-- TestCases.HeaderSelectionTest -->
